# JRE version: Java(TM) SE Runtime Environment (21.0.6+8) (build 21.0.6+8-LTS-188)
# Java VM: Java HotSpot(TM) 64-Bit Server VM (21.0.6+8-LTS-188, mixed mode, emulated-client, sharing, tiered, compressed oops, compressed class ptrs, g1 gc, windows-amd64)
GC Precious Log:
 CardTable entry size: 512
 Card Set container configuration: InlinePtr #cards 5 size 8 Array Of Cards #cards 12 size 40 Howl #buckets 4 coarsen threshold 1843 Howl Bitmap #cards 512 size 80 coarsen threshold 460 Card regions per heap region 1 cards per card region 2048
 CPUs: 4 total, 4 available
 Memory: 6086M
 Large Page Support: Disabled
 NUMA Support: Disabled
 Compressed Oops: Enabled (32-bit)
 Heap Region Size: 1M
 Heap Min Capacity: 8M
 Heap Initial Capacity: 96M
 Heap Max Capacity: 1522M
 Pre-touch: Disabled
 Parallel Workers: 4
 Concurrent Workers: 1
 Concurrent Refinement Workers: 4
 Periodic GC: Disabled
Heap:
 garbage-first heap   total 78848K, used 36089K [0x00000000a0e00000, 0x0000000100000000)
  region size 1024K, 16 young (16384K), 5 survivors (5120K)
 Metaspace       used 32918K, committed 33344K, reserved 1114112K
  class space    used 4435K, committed 4608K, reserved 1048576K
GC Heap History (14 events):
Event: 1.559 GC heap before
{Heap before GC invocations=0 (full 0):
 garbage-first heap   total 98304K, used 16384K [0x00000000a0e00000, 0x0000000100000000)
  region size 1024K, 13 young (13312K), 0 survivors (0K)
 Metaspace       used 897K, committed 1024K, reserved 1114112K
  class space    used 90K, committed 128K, reserved 1048576K
}
Event: 1.569 GC heap after
{Heap after GC invocations=1 (full 0):
 garbage-first heap   total 98304K, used 10304K [0x00000000a0e00000, 0x0000000100000000)
  region size 1024K, 2 young (2048K), 2 survivors (2048K)
 Metaspace       used 897K, committed 1024K, reserved 1114112K
  class space    used 90K, committed 128K, reserved 1048576K
}
Event: 2.103 GC heap before
{Heap before GC invocations=1 (full 0):
 garbage-first heap   total 98304K, used 18496K [0x00000000a0e00000, 0x0000000100000000)
  region size 1024K, 10 young (10240K), 2 survivors (2048K)
 Metaspace       used 3286K, committed 3456K, reserved 1114112K
  class space    used 405K, committed 512K, reserved 1048576K
}
Event: 2.110 GC heap after
{Heap after GC invocations=2 (full 0):
 garbage-first heap   total 98304K, used 11568K [0x00000000a0e00000, 0x0000000100000000)
  region size 1024K, 2 young (2048K), 2 survivors (2048K)
 Metaspace       used 3286K, committed 3456K, reserved 1114112K
  class space    used 405K, committed 512K, reserved 1048576K
}
Event: 2.921 GC heap before
{Heap before GC invocations=2 (full 0):
 garbage-first heap   total 98304K, used 36144K [0x00000000a0e00000, 0x0000000100000000)
  region size 1024K, 23 young (23552K), 2 survivors (2048K)
 Metaspace       used 6957K, committed 7232K, reserved 1114112K
  class space    used 850K, committed 960K, reserved 1048576K
}
Event: 2.934 GC heap after
{Heap after GC invocations=3 (full 0):
 garbage-first heap   total 98304K, used 15798K [0x00000000a0e00000, 0x0000000100000000)
  region size 1024K, 3 young (3072K), 3 survivors (3072K)
 Metaspace       used 6957K, committed 7232K, reserved 1114112K
  class space    used 850K, committed 960K, reserved 1048576K
}
Event: 5.639 GC heap before
{Heap before GC invocations=3 (full 0):
 garbage-first heap   total 98304K, used 71094K [0x00000000a0e00000, 0x0000000100000000)
  region size 1024K, 57 young (58368K), 3 survivors (3072K)
 Metaspace       used 18194K, committed 18624K, reserved 1114112K
  class space    used 2406K, committed 2624K, reserved 1048576K
}
Event: 5.662 GC heap after
{Heap after GC invocations=4 (full 0):
 garbage-first heap   total 98304K, used 20146K [0x00000000a0e00000, 0x0000000100000000)
  region size 1024K, 8 young (8192K), 8 survivors (8192K)
 Metaspace       used 18194K, committed 18624K, reserved 1114112K
  class space    used 2406K, committed 2624K, reserved 1048576K
}
Event: 8.298 GC heap before
{Heap before GC invocations=4 (full 0):
 garbage-first heap   total 98304K, used 40626K [0x00000000a0e00000, 0x0000000100000000)
  region size 1024K, 29 young (29696K), 8 survivors (8192K)
 Metaspace       used 21161K, committed 21504K, reserved 1114112K
  class space    used 2794K, committed 2944K, reserved 1048576K
}
Event: 8.313 GC heap after
{Heap after GC invocations=5 (full 0):
 garbage-first heap   total 98304K, used 21511K [0x00000000a0e00000, 0x0000000100000000)
  region size 1024K, 2 young (2048K), 2 survivors (2048K)
 Metaspace       used 21161K, committed 21504K, reserved 1114112K
  class space    used 2794K, committed 2944K, reserved 1048576K
}
Event: 13.900 GC heap before
{Heap before GC invocations=6 (full 0):
 garbage-first heap   total 78848K, used 65543K [0x00000000a0e00000, 0x0000000100000000)
  region size 1024K, 46 young (47104K), 2 survivors (2048K)
 Metaspace       used 26881K, committed 27328K, reserved 1114112K
  class space    used 3520K, committed 3712K, reserved 1048576K
}
Event: 13.919 GC heap after
{Heap after GC invocations=7 (full 0):
 garbage-first heap   total 78848K, used 24215K [0x00000000a0e00000, 0x0000000100000000)
  region size 1024K, 5 young (5120K), 5 survivors (5120K)
 Metaspace       used 26881K, committed 27328K, reserved 1114112K
  class space    used 3520K, committed 3712K, reserved 1048576K
}
Event: 18.086 GC heap before
{Heap before GC invocations=7 (full 0):
 garbage-first heap   total 78848K, used 62103K [0x00000000a0e00000, 0x0000000100000000)
  region size 1024K, 42 young (43008K), 5 survivors (5120K)
 Metaspace       used 31802K, committed 32256K, reserved 1114112K
  class space    used 4283K, committed 4480K, reserved 1048576K
}
Event: 18.102 GC heap after
{Heap after GC invocations=8 (full 0):
 garbage-first heap   total 78848K, used 25849K [0x00000000a0e00000, 0x0000000100000000)
  region size 1024K, 5 young (5120K), 5 survivors (5120K)
 Metaspace       used 31802K, committed 32256K, reserved 1114112K
  class space    used 4283K, committed 4480K, reserved 1048576K
}

